INFO: [VRFC 10-2263] Analyzing Verilog file "D:/Learning/Analog/Vivado/MIPS_CPU/MIPS_CPU/MIPS_CPU.srcs/sources_1/new/ALU.v" into library xil_defaultlib
INFO: [VRFC 10-311] analyzing module ALU
INFO: [VRFC 10-2263] Analyzing Verilog file "D:/Learning/Analog/Vivado/MIPS_CPU/MIPS_CPU/MIPS_CPU.srcs/sources_1/new/ALUControl.v" into library xil_defaultlib
INFO: [VRFC 10-311] analyzing module ALUControl
INFO: [VRFC 10-2263] Analyzing Verilog file "D:/Learning/Analog/Vivado/MIPS_CPU/MIPS_CPU/MIPS_CPU.srcs/sources_1/new/Adder.v" into library xil_defaultlib
INFO: [VRFC 10-311] analyzing module Adder
INFO: [VRFC 10-2263] Analyzing Verilog file "D:/Learning/Analog/Vivado/MIPS_CPU/MIPS_CPU/MIPS_CPU.srcs/sources_1/new/Concat.v" into library xil_defaultlib
INFO: [VRFC 10-311] analyzing module Concat
INFO: [VRFC 10-2263] Analyzing Verilog file "D:/Learning/Analog/Vivado/MIPS_CPU/MIPS_CPU/MIPS_CPU.srcs/sources_1/new/Controller.v" into library xil_defaultlib
INFO: [VRFC 10-311] analyzing module Controller
INFO: [VRFC 10-2263] Analyzing Verilog file "D:/Learning/Analog/Vivado/MIPS_CPU/MIPS_CPU/MIPS_CPU.srcs/sources_1/new/DataRAM.v" into library xil_defaultlib
INFO: [VRFC 10-311] analyzing module DataRAM
INFO: [VRFC 10-2263] Analyzing Verilog file "D:/Learning/Analog/Vivado/MIPS_CPU/MIPS_CPU/MIPS_CPU.srcs/sources_1/new/InstrROM.v" into library xil_defaultlib
INFO: [VRFC 10-311] analyzing module InstrROM
INFO: [VRFC 10-2263] Analyzing Verilog file "D:/Learning/Analog/Vivado/MIPS_CPU/MIPS_CPU/MIPS_CPU.srcs/sources_1/new/LeftShift.v" into library xil_defaultlib
INFO: [VRFC 10-311] analyzing module LeftShift
INFO: [VRFC 10-2263] Analyzing Verilog file "D:/Learning/Analog/Vivado/MIPS_CPU/MIPS_CPU/MIPS_CPU.srcs/sources_1/new/MainCtr.v" into library xil_defaultlib
INFO: [VRFC 10-311] analyzing module MainCtr
INFO: [VRFC 10-2263] Analyzing Verilog file "D:/Learning/Analog/Vivado/MIPS_CPU/MIPS_CPU/MIPS_CPU.srcs/sources_1/new/Mux2_1.v" into library xil_defaultlib
INFO: [VRFC 10-311] analyzing module Mux2_1
INFO: [VRFC 10-2263] Analyzing Verilog file "D:/Learning/Analog/Vivado/MIPS_CPU/MIPS_CPU/MIPS_CPU.srcs/sources_1/new/Mux3_1.v" into library xil_defaultlib
INFO: [VRFC 10-311] analyzing module Mux3_1
INFO: [VRFC 10-2263] Analyzing Verilog file "D:/Learning/Analog/Vivado/MIPS_CPU/MIPS_CPU/MIPS_CPU.srcs/sources_1/new/PC.v" into library xil_defaultlib
INFO: [VRFC 10-311] analyzing module PC
INFO: [VRFC 10-2263] Analyzing Verilog file "D:/Learning/Analog/Vivado/MIPS_CPU/MIPS_CPU/MIPS_CPU.srcs/sources_1/new/RegFile.v" into library xil_defaultlib
INFO: [VRFC 10-311] analyzing module RegFile
INFO: [VRFC 10-2263] Analyzing Verilog file "D:/Learning/Analog/Vivado/MIPS_CPU/MIPS_CPU/MIPS_CPU.srcs/sources_1/new/SignedExtend.v" into library xil_defaultlib
INFO: [VRFC 10-311] analyzing module SignedExtend
INFO: [VRFC 10-2263] Analyzing Verilog file "D:/Learning/Analog/Vivado/MIPS_CPU/MIPS_CPU/MIPS_CPU.srcs/sources_1/new/mipscpu.v" into library xil_defaultlib
INFO: [VRFC 10-311] analyzing module mipscpu
INFO: [VRFC 10-2263] Analyzing Verilog file "D:/Learning/Analog/Vivado/MIPS_CPU/MIPS_CPU/MIPS_CPU.srcs/sim_1/new/mipscpusim.v" into library xil_defaultlib
INFO: [VRFC 10-311] analyzing module mipscpusim
